<?xml version="1.0" encoding="UTF-8"?>
<testsuite xmlns:xsi="http://www.w3.org/2001/XMLSchema-instance" xsi:noNamespaceSchemaLocation="https://maven.apache.org/surefire/maven-surefire-plugin/xsd/surefire-test-report-3.0.xsd" version="3.0" name="TestSuite" time="62.63" tests="5" errors="0" skipped="0" failures="3">
  <properties>
[...]
</properties>
  <testcase name="validarLogin" classname="test.ValidateNavigation" time="0.225">
    <system-err><![CDATA[SLF4J: Failed to load class "org.slf4j.impl.StaticLoggerBinder".
SLF4J: Defaulting to no-operation (NOP) logger implementation
SLF4J: See http://www.slf4j.org/codes.html#StaticLoggerBinder for further details.
SSttaarrtitnig nCghr oCmehDrroimveer D1r02i.v0e.r5 010052.6.10 .(500e509b5c.c6010c c(409e8559cbe3c9ca0d03c1cc145908065c5e39faSd1t3a1S5cr9t1dta95i5r0nat0dgi36 -5Cnrfheg1fr s5oC/9mhberrDaonrcmihe-vhDeerardi sv/15e00r20 5.@10{0.#258.01090}.5)5. 0o6n01 5p o.(r6t0 1e5 350(9820b
eOc5dncl99y0b 50clacocdcc0a34l0- 9ccrocen4fn9es8c/5tbciroanenc3sh9 -ahree aada3l1dlco1w5s00e6/5df.15
5P0lea0se5 s@ee {htt#ps:8//1c9})h roonm poretd r5i8v7e4r2
.Ocnhlry local connections are allowed.
Pl85ce39ad31c150065f159d95ad3-refs/branch-heads/5005@{#819}) on port 57058
Only local connections are allowed.
Please see https://chromedriver.chromium.org/security-considerations for suggestions on keeping ChromeDriver safe.
ChromeDriver was started successfully.
oemium9a.ds9e5 asde3eo- rrhegtfst//pbssrea:nc/cu/hrc-ihhrteoyam-descd/or50in0v5s@ei{r#d.8e1c9rh}a)rt ooimno ipnuosrmt . o4f9ro1g4r6/ 
ssOenuclgyug lerosciattli yco-onncnsoenctsiiodnes r aaotrnie o knese fpoirn gsuggestioansl loonw ekde.eping Ch
romPelease Dsreivee rh tstapfse:./
/ChcrhormoemDreidvreirve rw.asc hsrtoamrituemd. osrugcc/essescfuurlilyt.y
-considerations for suggestions on keeping ChromeDriver safe.
ChromeDriver was started successfully.
 ChromeDriver safe.
ChromeDriver was started successfSully.
tarting ChromeDriver 102.0.5005.61 (0e59bcc00cc4985ce39ad31c150065f159d95ad3-refs/branch-heads/5005@{#819}) on port 59027
Only local connections are allowed.
Please see https://chromedriver.chromium.org/security-considerations for suggestions on keeping ChromeDriver safe.
ChromeDriver was started successfully.
mai 27, 2022 1:55:59 PM org.openqa.selenium.remote.ProtocolHandshake createSession
INFORMAÇÕES: Detected dialect: W3C
mai 27, 2022 1:55:59 PM org.openqa.selenium.remote.ProtocolHandshake createSession
INFORMAÇÕES: Detected dialect: W3C
mai 27, 2022 1:55:59 PM org.openqa.selenium.remote.ProtocolHandshake createSession
INFORMAÇÕES: Detected dialect: W3C
mai 27, 2022 1:55:59 PM org.openqa.selenium.remote.ProtocolHandshake createSession
INFORMAÇÕES: Detected dialect: W3C
mai 27, 2022 1:55:59 PM org.openqa.selenium.remote.ProtocolHandshake createSession
INFORMAÇÕES: Detected dialect: W3C
mai 27, 2022 1:55:59 PM org.openqa.selenium.devtools.CdpVersionFinder findNearestMatch
ADVERTÊNCIA: Unable to find an exact match for CDP version 102, so returning the closest version found: 101
mai 27, 2022 1:55:59 PM org.openqa.selenium.devtools.CdpVersionFinder findNearestMatch
INFORMAÇÕES: Found CDP implementation for version 102 of 101
mai 27, 2022 1:55:59 PM org.openqa.selenium.devtools.CdpVersionFinder findNearestMatch
ADVERTÊNCIA: Unable to find an exact match for CDP version 102, so returning the closest version found: 101
mai 27, 2022 1:55:59 PM org.openqa.selenium.devtools.CdpVersionFinder findNearestMatch
ADVERTÊNCIA: Unable to find an exact match for CDP version 102, so returning the closest version found: 101
mai 27, 2022 1:55:59 PM org.openqa.selenium.devtools.CdpVersionFinder findNearestMatch
ADVERTÊNCIA: Unable to find an exact match for CDP version 102, so returning the closest version found: 101
mai 27, 2022 1:55:59 PM org.openqa.selenium.devtools.CdpVersionFinder findNearestMatch
INFORMAÇÕES: Found CDP implementation for version 102 of 101
mai 27, 2022 1:55:59 PM org.openqa.selenium.devtools.CdpVersionFinder findNearestMatch
ADVERTÊNCIA: Unable to find an exact match for CDP version 102, so returning the closest version found: 101
mai 27, 2022 1:55:59 PM org.openqa.selenium.devtools.CdpVersionFinder findNearestMatch
INFORMAÇÕES: Found CDP implementation for version 102 of 101
mai 27, 2022 1:55:59 PM org.openqa.selenium.devtools.CdpVersionFinder findNearestMatch
INFORMAÇÕES: Found CDP implementation for version 102 of 101
mai 27, 2022 1:55:59 PM org.openqa.selenium.devtools.CdpVersionFinder findNearestMatch
INFORMAÇÕES: Found CDP implementation for version 102 of 101
]]></system-err>
  </testcase>
  <testcase name="realizarCadastroTest" classname="test.CriarContaTest" time="8.292">
    <failure message="Element not found {By.name: id_gender}&#10;Expected: value=&quot;1&quot;&#10;Screenshot: file:/home/tecmobile/Documents/TestingFramework/TestingFrameworkMegazord/build/reports/tests/1653670579850.0.png&#10;Page source: file:/home/tecmobile/Documents/TestingFramework/TestingFrameworkMegazord/build/reports/tests/1653670579850.0.html&#10;Timeout: 10 s." type="Element not found {By.name"><![CDATA[Element not found {By.name: id_gender}
Expected: value="1"
Screenshot: file:/home/tecmobile/Documents/TestingFramework/TestingFrameworkMegazord/build/reports/tests/1653670579850.0.png
Page source: file:/home/tecmobile/Documents/TestingFramework/TestingFrameworkMegazord/build/reports/tests/1653670579850.0.html
Timeout: 10 s.
	at com.codeborne.selenide.commands.SelectRadio.execute(SelectRadio.java:46)
	at com.codeborne.selenide.commands.SelectRadio.execute(SelectRadio.java:19)
	at com.codeborne.selenide.commands.Commands.execute(Commands.java:154)
	at com.codeborne.selenide.impl.SelenideElementProxy.dispatchAndRetry(SelenideElementProxy.java:131)
	at com.codeborne.selenide.impl.SelenideElementProxy.invoke(SelenideElementProxy.java:83)
	at com.sun.proxy.$Proxy24.selectRadio(Unknown Source)
	at action.CriarContaAction.fazerCadastro(CriarContaAction.java:45)
	at test.CriarContaTest.realizarCadastroTest(CriarContaTest.java:22)
	at sun.reflect.NativeMethodAccessorImpl.invoke0(Native Method)
	at sun.reflect.NativeMethodAccessorImpl.invoke(NativeMethodAccessorImpl.java:62)
	at sun.reflect.DelegatingMethodAccessorImpl.invoke(DelegatingMethodAccessorImpl.java:43)
	at java.lang.reflect.Method.invoke(Method.java:498)
	at org.testng.internal.MethodInvocationHelper.invokeMethod(MethodInvocationHelper.java:108)
	at org.testng.internal.Invoker.invokeMethod(Invoker.java:661)
	at org.testng.internal.Invoker.invokeTestMethod(Invoker.java:869)
	at org.testng.internal.Invoker.invokeTestMethods(Invoker.java:1193)
	at org.testng.internal.TestMethodWorker.invokeTestMethods(TestMethodWorker.java:126)
	at org.testng.internal.TestMethodWorker.run(TestMethodWorker.java:109)
	at org.testng.TestRunner.privateRun(TestRunner.java:744)
	at org.testng.TestRunner.run(TestRunner.java:602)
	at org.testng.SuiteRunner.runTest(SuiteRunner.java:380)
	at org.testng.SuiteRunner.access$000(SuiteRunner.java:39)
	at org.testng.SuiteRunner$SuiteWorker.run(SuiteRunner.java:414)
	at org.testng.internal.thread.ThreadUtil$1.call(ThreadUtil.java:52)
	at java.util.concurrent.FutureTask.run(FutureTask.java:266)
	at java.util.concurrent.ThreadPoolExecutor.runWorker(ThreadPoolExecutor.java:1149)
	at java.util.concurrent.ThreadPoolExecutor$Worker.run(ThreadPoolExecutor.java:624)
	at java.lang.Thread.run(Thread.java:748)
]]></failure>
  </testcase>
  <testcase name="validarLogin" classname="test.ValidateTitleTest" time="0.133">
    <failure message="expected [FEATURED COURSES1] but found [FEATURED COURSES]" type="java.lang.AssertionError"><![CDATA[java.lang.AssertionError: expected [FEATURED COURSES1] but found [FEATURED COURSES]
	at org.testng.Assert.fail(Assert.java:93)
	at org.testng.Assert.failNotEquals(Assert.java:512)
	at org.testng.Assert.assertEqualsImpl(Assert.java:134)
	at org.testng.Assert.assertEquals(Assert.java:115)
	at org.testng.Assert.assertEquals(Assert.java:189)
	at org.testng.Assert.assertEquals(Assert.java:199)
	at test.ValidateTitleTest.validarLogin(ValidateTitleTest.java:34)
	at sun.reflect.NativeMethodAccessorImpl.invoke0(Native Method)
	at sun.reflect.NativeMethodAccessorImpl.invoke(NativeMethodAccessorImpl.java:62)
	at sun.reflect.DelegatingMethodAccessorImpl.invoke(DelegatingMethodAccessorImpl.java:43)
	at java.lang.reflect.Method.invoke(Method.java:498)
	at org.testng.internal.MethodInvocationHelper.invokeMethod(MethodInvocationHelper.java:108)
	at org.testng.internal.Invoker.invokeMethod(Invoker.java:661)
	at org.testng.internal.Invoker.invokeTestMethod(Invoker.java:869)
	at org.testng.internal.Invoker.invokeTestMethods(Invoker.java:1193)
	at org.testng.internal.TestMethodWorker.invokeTestMethods(TestMethodWorker.java:126)
	at org.testng.internal.TestMethodWorker.run(TestMethodWorker.java:109)
	at org.testng.TestRunner.privateRun(TestRunner.java:744)
	at org.testng.TestRunner.run(TestRunner.java:602)
	at org.testng.SuiteRunner.runTest(SuiteRunner.java:380)
	at org.testng.SuiteRunner.access$000(SuiteRunner.java:39)
	at org.testng.SuiteRunner$SuiteWorker.run(SuiteRunner.java:414)
	at org.testng.internal.thread.ThreadUtil$1.call(ThreadUtil.java:52)
	at java.util.concurrent.FutureTask.run(FutureTask.java:266)
	at java.util.concurrent.ThreadPoolExecutor.runWorker(ThreadPoolExecutor.java:1149)
	at java.util.concurrent.ThreadPoolExecutor$Worker.run(ThreadPoolExecutor.java:624)
	at java.lang.Thread.run(Thread.java:748)
]]></failure>
    <system-out><![CDATA[FAILED: realizarCadastroTest
Element not found {By.name: id_gender}
Expected: value="1"
Screenshot: file:/home/tecmobile/Documents/TestingFramework/TestingFrameworkMegazord/build/reports/tests/1653670579850.0.png
Page source: file:/home/tecmobile/Documents/TestingFramework/TestingFrameworkMegazord/build/reports/tests/1653670579850.0.html
Timeout: 10 s.
	at com.codeborne.selenide.commands.SelectRadio.execute(SelectRadio.java:46)
	at com.codeborne.selenide.commands.SelectRadio.execute(SelectRadio.java:19)
	at com.codeborne.selenide.commands.Commands.execute(Commands.java:154)
	at com.codeborne.selenide.impl.SelenideElementProxy.dispatchAndRetry(SelenideElementProxy.java:131)
	at com.codeborne.selenide.impl.SelenideElementProxy.invoke(SelenideElementProxy.java:83)
	at com.sun.proxy.$Proxy24.selectRadio(Unknown Source)
	at action.CriarContaAction.fazerCadastro(CriarContaAction.java:45)
	at test.CriarContaTest.realizarCadastroTest(CriarContaTest.java:22)
	at java.util.concurrent.FutureTask.run(FutureTask.java:266)
	at java.util.concurrent.ThreadPoolExecutor.runWorker(ThreadPoolExecutor.java:1149)
	at java.util.concurrent.ThreadPoolExecutor$Worker.run(ThreadPoolExecutor.java:624)
	at java.lang.Thread.run(Thread.java:748)
... Removed 16 stack frames

===============================================
    CriarConta
    Tests run: 1, Failures: 1, Skips: 0
===============================================

]]></system-out>
  </testcase>
  <testcase name="login[nonrestricteduser@qw.com, 123456, restricted user](1)" classname="test.LoginTest" time="6.869"/>
  <testcase name="fazerCompra" classname="test.RealizarCompraTest" time="0.41">
    <failure message="Element should be visible or transparent: visible or have css value opacity=0 {[title=&quot;Proceed to checkout&quot;]}&#10;Element: &apos;&lt;a class=&quot;btn btn-default button button-medium&quot; href=&quot;http://automationpractice.com/index.php?controller=order&quot; rel=&quot;nofollow&quot; title=&quot;Proceed to checkout&quot; displayed:false&gt;&lt;/a&gt;&apos;&#10;Actual value: hidden, opacity=1&#10;Screenshot: file:/home/tecmobile/Documents/TestingFramework/TestingFrameworkMegazord/build/reports/tests/1653670588946.1.png&#10;Page source: file:/home/tecmobile/Documents/TestingFramework/TestingFrameworkMegazord/build/reports/tests/1653670588946.1.html&#10;Timeout: 10 s." type="Element should be visible or transparent"><![CDATA[Element should be visible or transparent: visible or have css value opacity=0 {[title="Proceed to checkout"]}
Element: '<a class="btn btn-default button button-medium" href="http://automationpractice.com/index.php?controller=order" rel="nofollow" title="Proceed to checkout" displayed:false></a>'
Actual value: hidden, opacity=1
Screenshot: file:/home/tecmobile/Documents/TestingFramework/TestingFrameworkMegazord/build/reports/tests/1653670588946.1.png
Page source: file:/home/tecmobile/Documents/TestingFramework/TestingFrameworkMegazord/build/reports/tests/1653670588946.1.html
Timeout: 10 s.
	at com.codeborne.selenide.impl.WebElementSource.checkCondition(WebElementSource.java:131)
	at com.codeborne.selenide.impl.WebElementSource.findAndAssertElementIsInteractable(WebElementSource.java:148)
	at com.codeborne.selenide.commands.Click.findElement(Click.java:44)
	at com.codeborne.selenide.commands.Click.execute(Click.java:26)
	at com.codeborne.selenide.commands.Click.execute(Click.java:19)
	at com.codeborne.selenide.commands.Commands.execute(Commands.java:154)
	at com.codeborne.selenide.impl.SelenideElementProxy.dispatchAndRetry(SelenideElementProxy.java:131)
	at com.codeborne.selenide.impl.SelenideElementProxy.invoke(SelenideElementProxy.java:83)
	at com.sun.proxy.$Proxy24.click(Unknown Source)
	at action.RealizarCompraAction.realizarCompra(RealizarCompraAction.java:40)
	at test.RealizarCompraTest.fazerCompra(RealizarCompraTest.java:22)
	at sun.reflect.NativeMethodAccessorImpl.invoke0(Native Method)
	at sun.reflect.NativeMethodAccessorImpl.invoke(NativeMethodAccessorImpl.java:62)
	at sun.reflect.DelegatingMethodAccessorImpl.invoke(DelegatingMethodAccessorImpl.java:43)
	at java.lang.reflect.Method.invoke(Method.java:498)
	at org.testng.internal.MethodInvocationHelper.invokeMethod(MethodInvocationHelper.java:108)
	at org.testng.internal.Invoker.invokeMethod(Invoker.java:661)
	at org.testng.internal.Invoker.invokeTestMethod(Invoker.java:869)
	at org.testng.internal.Invoker.invokeTestMethods(Invoker.java:1193)
	at org.testng.internal.TestMethodWorker.invokeTestMethods(TestMethodWorker.java:126)
	at org.testng.internal.TestMethodWorker.run(TestMethodWorker.java:109)
	at org.testng.TestRunner.privateRun(TestRunner.java:744)
	at org.testng.TestRunner.run(TestRunner.java:602)
	at org.testng.SuiteRunner.runTest(SuiteRunner.java:380)
	at org.testng.SuiteRunner.access$000(SuiteRunner.java:39)
	at org.testng.SuiteRunner$SuiteWorker.run(SuiteRunner.java:414)
	at org.testng.internal.thread.ThreadUtil$1.call(ThreadUtil.java:52)
	at java.util.concurrent.FutureTask.run(FutureTask.java:266)
	at java.util.concurrent.ThreadPoolExecutor.runWorker(ThreadPoolExecutor.java:1149)
	at java.util.concurrent.ThreadPoolExecutor$Worker.run(ThreadPoolExecutor.java:624)
	at java.lang.Thread.run(Thread.java:748)
]]></failure>
  </testcase>
</testsuite>