<?xml version="1.0" encoding="UTF-8"?>
<!-- Generated by org.testng.reporters.JUnitXMLReporter -->
<testsuite hostname="ruan" ignored="0" name="CriarConta" tests="1" failures="1" timestamp="27 mai 2022 16:56:21 GMT" time="23.537" errors="0">
  <testcase name="realizarCadastroTest" time="23.012" classname="test.CriarContaTest">
    <failure type="com.codeborne.selenide.ex.ElementNotFound" message="Element not found {By.name: id_gender}
Expected: value=&amp;quot;1&amp;quot;
Screenshot: file:/home/tecmobile/Documents/TestingFramework/TestingFrameworkMegazord/build/reports/tests/1653670579850.0.png
Page source: file:/home/tecmobile/Documents/TestingFramework/TestingFrameworkMegazord/build/reports/tests/1653670579850.0.html
Timeout: 10 s.">
      <![CDATA[Element not found {By.name: id_gender}
Expected: value="1"
Screenshot: file:/home/tecmobile/Documents/TestingFramework/TestingFrameworkMegazord/build/reports/tests/1653670579850.0.png
Page source: file:/home/tecmobile/Documents/TestingFramework/TestingFrameworkMegazord/build/reports/tests/1653670579850.0.html
Timeout: 10 s.
	at com.codeborne.selenide.commands.SelectRadio.execute(SelectRadio.java:46)
	at com.codeborne.selenide.commands.SelectRadio.execute(SelectRadio.java:19)
	at com.codeborne.selenide.commands.Commands.execute(Commands.java:154)
	at com.codeborne.selenide.impl.SelenideElementProxy.dispatchAndRetry(SelenideElementProxy.java:131)
	at com.codeborne.selenide.impl.SelenideElementProxy.invoke(SelenideElementProxy.java:83)
	at com.sun.proxy.$Proxy24.selectRadio(Unknown Source)
	at action.CriarContaAction.fazerCadastro(CriarContaAction.java:45)
	at test.CriarContaTest.realizarCadastroTest(CriarContaTest.java:22)
	at java.util.concurrent.FutureTask.run(FutureTask.java:266)
	at java.util.concurrent.ThreadPoolExecutor.runWorker(ThreadPoolExecutor.java:1149)
	at java.util.concurrent.ThreadPoolExecutor$Worker.run(ThreadPoolExecutor.java:624)
	at java.lang.Thread.run(Thread.java:748)
... Removed 16 stack frames]]>
    </failure>
  </testcase> <!-- realizarCadastroTest -->
</testsuite> <!-- CriarConta -->
