<?xml version="1.0" encoding="UTF-8"?>
<!-- Generated by org.testng.reporters.JUnitXMLReporter -->
<testsuite hostname="ruan" ignored="0" name="RealizarCompra" tests="1" failures="1" timestamp="27 mai 2022 16:56:29 GMT" time="31.878" errors="0">
  <testcase name="fazerCompra" time="31.623" classname="test.RealizarCompraTest">
    <failure type="com.codeborne.selenide.ex.ElementShould" message="Element should be visible or transparent: visible or have css value opacity=0 {[title=&amp;quot;Proceed to checkout&amp;quot;]}
Element: &amp;apos;&amp;lt;a class=&amp;quot;btn btn-default button button-medium&amp;quot; href=&amp;quot;http://automationpractice.com/index.php?controller=order&amp;quot; rel=&amp;quot;nofollow&amp;quot; title=&amp;quot;Proceed to checkout&amp;quot; displayed:false&amp;gt;&amp;lt;/a&amp;gt;&amp;apos;
Actual value: hidden, opacity=1
Screenshot: file:/home/tecmobile/Documents/TestingFramework/TestingFrameworkMegazord/build/reports/tests/1653670588946.1.png
Page source: file:/home/tecmobile/Documents/TestingFramework/TestingFrameworkMegazord/build/reports/tests/1653670588946.1.html
Timeout: 10 s.">
      <![CDATA[Element should be visible or transparent: visible or have css value opacity=0 {[title="Proceed to checkout"]}
Element: '<a class="btn btn-default button button-medium" href="http://automationpractice.com/index.php?controller=order" rel="nofollow" title="Proceed to checkout" displayed:false></a>'
Actual value: hidden, opacity=1
Screenshot: file:/home/tecmobile/Documents/TestingFramework/TestingFrameworkMegazord/build/reports/tests/1653670588946.1.png
Page source: file:/home/tecmobile/Documents/TestingFramework/TestingFrameworkMegazord/build/reports/tests/1653670588946.1.html
Timeout: 10 s.
	at com.codeborne.selenide.impl.WebElementSource.checkCondition(WebElementSource.java:131)
	at com.codeborne.selenide.impl.WebElementSource.findAndAssertElementIsInteractable(WebElementSource.java:148)
	at com.codeborne.selenide.commands.Click.findElement(Click.java:44)
	at com.codeborne.selenide.commands.Click.execute(Click.java:26)
	at com.codeborne.selenide.commands.Click.execute(Click.java:19)
	at com.codeborne.selenide.commands.Commands.execute(Commands.java:154)
	at com.codeborne.selenide.impl.SelenideElementProxy.dispatchAndRetry(SelenideElementProxy.java:131)
	at com.codeborne.selenide.impl.SelenideElementProxy.invoke(SelenideElementProxy.java:83)
	at com.sun.proxy.$Proxy24.click(Unknown Source)
	at action.RealizarCompraAction.realizarCompra(RealizarCompraAction.java:40)
	at test.RealizarCompraTest.fazerCompra(RealizarCompraTest.java:22)
	at java.util.concurrent.FutureTask.run(FutureTask.java:266)
	at java.util.concurrent.ThreadPoolExecutor.runWorker(ThreadPoolExecutor.java:1149)
	at java.util.concurrent.ThreadPoolExecutor$Worker.run(ThreadPoolExecutor.java:624)
	at java.lang.Thread.run(Thread.java:748)
... Removed 16 stack frames]]>
    </failure>
  </testcase> <!-- fazerCompra -->
</testsuite> <!-- RealizarCompra -->
