<?xml version="1.0" encoding="UTF-8"?>
<!-- Generated by org.testng.reporters.JUnitXMLReporter -->
<testsuite hostname="ruan" ignored="0" name="ValidateTitle" tests="1" failures="1" timestamp="18 mai 2022 19:06:55 GMT" time="23.722" errors="0">
  <testcase name="validarLogin" time="0.025" classname="test.ValidateTitleTest">
    <failure type="java.lang.AssertionError" message="expected [FEATURED COURSES1] but found [FEATURED COURSES]">
      <![CDATA[java.lang.AssertionError: expected [FEATURED COURSES1] but found [FEATURED COURSES]
	at test.ValidateTitleTest.validarLogin(ValidateTitleTest.java:34)
... Removed 35 stack frames]]>
    </failure>
  </testcase> <!-- validarLogin -->
</testsuite> <!-- ValidateTitle -->
