<?xml version="1.0" encoding="UTF-8"?>
<!-- Generated by org.testng.reporters.JUnitXMLReporter -->
<testsuite hostname="ruan" ignored="0" name="ValidarTitulo" tests="1" failures="1" timestamp="27 mai 2022 16:56:22 GMT" time="25.131" errors="0">
  <testcase name="validarLogin" time="0.132" classname="test.ValidateTitleTest">
    <failure type="java.lang.AssertionError" message="expected [FEATURED COURSES1] but found [FEATURED COURSES]">
      <![CDATA[java.lang.AssertionError: expected [FEATURED COURSES1] but found [FEATURED COURSES]
	at test.ValidateTitleTest.validarLogin(ValidateTitleTest.java:34)
	at java.util.concurrent.FutureTask.run(FutureTask.java:266)
	at java.util.concurrent.ThreadPoolExecutor.runWorker(ThreadPoolExecutor.java:1149)
	at java.util.concurrent.ThreadPoolExecutor$Worker.run(ThreadPoolExecutor.java:624)
	at java.lang.Thread.run(Thread.java:748)
... Removed 22 stack frames]]>
    </failure>
  </testcase> <!-- validarLogin -->
</testsuite> <!-- ValidarTitulo -->
